This is pdfTeX, Version 3.14159265-2.6-1.40.18 (TeX Live 2017) (preloaded format=pdflatex 2018.3.25)  16 FEB 2019 14:45
entering extended mode
 restricted \write18 enabled.
 %&-line parsing enabled.
**latex.tex
(./latex.tex
LaTeX2e <2017-04-15>
Babel <3.10> and hyphenation patterns for 84 language(s) loaded.
(/usr/local/texlive/2017/texmf-dist/tex/latex/base/article.cls
Document Class: article 2014/09/29 v1.4h Standard LaTeX document class
(/usr/local/texlive/2017/texmf-dist/tex/latex/base/size10.clo
File: size10.clo 2014/09/29 v1.4h Standard LaTeX file (size option)
)
\c@part=\count79
\c@section=\count80
\c@subsection=\count81
\c@subsubsection=\count82
\c@paragraph=\count83
\c@subparagraph=\count84
\c@figure=\count85
\c@table=\count86
\abovecaptionskip=\skip41
\belowcaptionskip=\skip42
\bibindent=\dimen102
)
(/usr/local/texlive/2017/texmf-dist/tex/latex/biblatex/biblatex.sty
Package: biblatex 2016/12/05 v3.7 programmable bibliographies (PK/JW/AB)

(/usr/local/texlive/2017/texmf-dist/tex/generic/oberdiek/pdftexcmds.sty
Package: pdftexcmds 2017/03/19 v0.25 Utility functions of pdfTeX for LuaTeX (HO
)

(/usr/local/texlive/2017/texmf-dist/tex/generic/oberdiek/infwarerr.sty
Package: infwarerr 2016/05/16 v1.4 Providing info/warning/error messages (HO)
)
(/usr/local/texlive/2017/texmf-dist/tex/generic/oberdiek/ifluatex.sty
Package: ifluatex 2016/05/16 v1.4 Provides the ifluatex switch (HO)
Package ifluatex Info: LuaTeX not detected.
)
(/usr/local/texlive/2017/texmf-dist/tex/generic/oberdiek/ltxcmds.sty
Package: ltxcmds 2016/05/16 v1.23 LaTeX kernel commands for general use (HO)
)
(/usr/local/texlive/2017/texmf-dist/tex/generic/oberdiek/ifpdf.sty
Package: ifpdf 2017/03/15 v3.2 Provides the ifpdf switch
)
Package pdftexcmds Info: LuaTeX not detected.
Package pdftexcmds Info: \pdf@primitive is available.
Package pdftexcmds Info: \pdf@ifprimitive is available.
Package pdftexcmds Info: \pdfdraftmode found.
)
(/usr/local/texlive/2017/texmf-dist/tex/latex/etoolbox/etoolbox.sty
Package: etoolbox 2017/01/02 v2.4 e-TeX tools for LaTeX (JAW)
\etb@tempcnta=\count87
)
(/usr/local/texlive/2017/texmf-dist/tex/latex/graphics/keyval.sty
Package: keyval 2014/10/28 v1.15 key=value parser (DPC)
\KV@toks@=\toks14
)
(/usr/local/texlive/2017/texmf-dist/tex/latex/oberdiek/kvoptions.sty
Package: kvoptions 2016/05/16 v3.12 Key value format for package options (HO)

(/usr/local/texlive/2017/texmf-dist/tex/generic/oberdiek/kvsetkeys.sty
Package: kvsetkeys 2016/05/16 v1.17 Key value parser (HO)

(/usr/local/texlive/2017/texmf-dist/tex/generic/oberdiek/etexcmds.sty
Package: etexcmds 2016/05/16 v1.6 Avoid name clashes with e-TeX commands (HO)
Package etexcmds Info: Could not find \expanded.
(etexcmds)             That can mean that you are not using pdfTeX 1.50 or
(etexcmds)             that some package has redefined \expanded.
(etexcmds)             In the latter case, load this package earlier.
)))
(/usr/local/texlive/2017/texmf-dist/tex/latex/logreq/logreq.sty
Package: logreq 2010/08/04 v1.0 xml request logger
\lrq@indent=\count88

(/usr/local/texlive/2017/texmf-dist/tex/latex/logreq/logreq.def
File: logreq.def 2010/08/04 v1.0 logreq spec v1.0
))
(/usr/local/texlive/2017/texmf-dist/tex/latex/base/ifthen.sty
Package: ifthen 2014/09/29 v1.1c Standard LaTeX ifthen package (DPC)
)
(/usr/local/texlive/2017/texmf-dist/tex/latex/url/url.sty
\Urlmuskip=\muskip10
Package: url 2013/09/16  ver 3.4  Verb mode for urls, etc.
)
(/usr/local/texlive/2017/texmf-dist/tex/generic/xstring/xstring.sty
(/usr/local/texlive/2017/texmf-dist/tex/generic/xstring/xstring.tex
\@xs@message=\write3
\integerpart=\count89
\decimalpart=\count90
)
Package: xstring 2013/10/13  v1.7c  String manipulations (C Tellechea)
)
\c@tabx@nest=\count91
\c@listtotal=\count92
\c@listcount=\count93
\c@liststart=\count94
\c@liststop=\count95
\c@citecount=\count96
\c@citetotal=\count97
\c@multicitecount=\count98
\c@multicitetotal=\count99
\c@instcount=\count100
\c@maxnames=\count101
\c@minnames=\count102
\c@maxitems=\count103
\c@minitems=\count104
\c@citecounter=\count105
\c@savedcitecounter=\count106
\c@uniquelist=\count107
\c@uniquename=\count108
\c@refsection=\count109
\c@refsegment=\count110
\c@maxextratitle=\count111
\c@maxextratitleyear=\count112
\c@maxextrayear=\count113
\c@maxextraalpha=\count114
\c@abbrvpenalty=\count115
\c@highnamepenalty=\count116
\c@lownamepenalty=\count117
\c@maxparens=\count118
\c@parenlevel=\count119
\blx@tempcnta=\count120
\blx@tempcntb=\count121
\blx@tempcntc=\count122
\blx@maxsection=\count123
\blx@maxsegment@0=\count124
\blx@notetype=\count125
\blx@parenlevel@text=\count126
\blx@parenlevel@foot=\count127
\blx@sectionciteorder@0=\count128
\labelnumberwidth=\skip43
\labelalphawidth=\skip44
\biblabelsep=\skip45
\bibitemsep=\skip46
\bibnamesep=\skip47
\bibinitsep=\skip48
\bibparsep=\skip49
\bibhang=\skip50
\blx@bcfin=\read1
\blx@bcfout=\write4
\c@mincomprange=\count129
\c@maxcomprange=\count130
\c@mincompwidth=\count131
Package biblatex Info: Trying to load biblatex default data model...
Package biblatex Info: ... file 'blx-dm.def' found.

(/usr/local/texlive/2017/texmf-dist/tex/latex/biblatex/blx-dm.def)
Package biblatex Info: Trying to load biblatex style data model...
Package biblatex Info: ... file 'authortitle-icomp.dbx' not found.
Package biblatex Info: Trying to load biblatex custom data model...
Package biblatex Info: ... file 'biblatex-dm.cfg' not found.
\c@afterword=\count132
\c@savedafterword=\count133
\c@annotator=\count134
\c@savedannotator=\count135
\c@author=\count136
\c@savedauthor=\count137
\c@bookauthor=\count138
\c@savedbookauthor=\count139
\c@commentator=\count140
\c@savedcommentator=\count141
\c@editor=\count142
\c@savededitor=\count143
\c@editora=\count144
\c@savededitora=\count145
\c@editorb=\count146
\c@savededitorb=\count147
\c@editorc=\count148
\c@savededitorc=\count149
\c@foreword=\count150
\c@savedforeword=\count151
\c@holder=\count152
\c@savedholder=\count153
\c@introduction=\count154
\c@savedintroduction=\count155
\c@namea=\count156
\c@savednamea=\count157
\c@nameb=\count158
\c@savednameb=\count159
\c@namec=\count160
\c@savednamec=\count161
\c@translator=\count162
\c@savedtranslator=\count163
\c@shortauthor=\count164
\c@savedshortauthor=\count165
\c@shorteditor=\count166
\c@savedshorteditor=\count167
\c@labelname=\count168
\c@savedlabelname=\count169
\c@institution=\count170
\c@savedinstitution=\count171
\c@lista=\count172
\c@savedlista=\count173
\c@listb=\count174
\c@savedlistb=\count175
\c@listc=\count176
\c@savedlistc=\count177
\c@listd=\count178
\c@savedlistd=\count179
\c@liste=\count180
\c@savedliste=\count181
\c@listf=\count182
\c@savedlistf=\count183
\c@location=\count184
\c@savedlocation=\count185
\c@organization=\count186
\c@savedorganization=\count187
\c@origlocation=\count188
\c@savedoriglocation=\count189
\c@origpublisher=\count190
\c@savedorigpublisher=\count191
\c@publisher=\count192
\c@savedpublisher=\count193
\c@language=\count194
\c@savedlanguage=\count195
\c@pageref=\count196
\c@savedpageref=\count197
\shorthandwidth=\skip51
\shortjournalwidth=\skip52
\shortserieswidth=\skip53
\shorttitlewidth=\skip54
\shortauthorwidth=\skip55
\shorteditorwidth=\skip56
Package biblatex Info: Trying to load compatibility code...
Package biblatex Info: ... file 'blx-compat.def' found.

(/usr/local/texlive/2017/texmf-dist/tex/latex/biblatex/blx-compat.def
File: blx-compat.def 2016/12/05 v3.7 biblatex compatibility (PK/JW/AB)
)
Package biblatex Info: Trying to load generic definitions...
Package biblatex Info: ... file 'biblatex.def' found.

(/usr/local/texlive/2017/texmf-dist/tex/latex/biblatex/biblatex.def
File: biblatex.def 2016/12/05 v3.7 biblatex compatibility (PK/JW/AB)
\c@textcitecount=\count198
\c@textcitetotal=\count199
\c@textcitemaxnames=\count266
\c@biburlnumpenalty=\count267
\c@biburlucpenalty=\count268
\c@biburllcpenalty=\count269
\c@smartand=\count270
)
Package biblatex Info: Trying to load bibliography style 'authortitle-icomp'...

Package biblatex Info: ... file 'authortitle-icomp.bbx' found.

(/usr/local/texlive/2017/texmf-dist/tex/latex/biblatex/bbx/authortitle-icomp.bb
x
File: authortitle-icomp.bbx 2016/12/05 v3.7 biblatex bibliography style (PK/JW/
AB)
Package biblatex Info: Trying to load bibliography style 'authortitle'...
Package biblatex Info: ... file 'authortitle.bbx' found.
 (/usr/local/texlive/2017/texmf-dist/tex/latex/biblatex/bbx/authortitle.bbx
File: authortitle.bbx 2016/12/05 v3.7 biblatex bibliography style (PK/JW/AB)
Package biblatex Info: Trying to load bibliography style 'standard'...
Package biblatex Info: ... file 'standard.bbx' found.

(/usr/local/texlive/2017/texmf-dist/tex/latex/biblatex/bbx/standard.bbx
File: standard.bbx 2016/12/05 v3.7 biblatex bibliography style (PK/JW/AB)
\c@bbx:relatedcount=\count271
\c@bbx:relatedtotal=\count272
)))
Package biblatex Info: Trying to load citation style 'authortitle-icomp'...
Package biblatex Info: ... file 'authortitle-icomp.cbx' found.

(/usr/local/texlive/2017/texmf-dist/tex/latex/biblatex/cbx/authortitle-icomp.cb
x
File: authortitle-icomp.cbx 2016/12/05 v3.7 biblatex citation style (PK/JW/AB)
Package biblatex Info: Redefining '\cite'.
Package biblatex Info: Redefining '\parencite'.
Package biblatex Info: Redefining '\footcite'.
Package biblatex Info: Redefining '\footcitetext'.
Package biblatex Info: Redefining '\smartcite'.
Package biblatex Info: Redefining '\textcite'.
Package biblatex Info: Redefining '\textcites'.
Package biblatex Info: Redefining '\cites'.
Package biblatex Info: Redefining '\parencites'.
Package biblatex Info: Redefining '\footcites'.
Package biblatex Info: Redefining '\footcitetexts'.
Package biblatex Info: Redefining '\smartcites'.
)
Package biblatex Info: Trying to load configuration file...
Package biblatex Info: ... file 'biblatex.cfg' found.
 (/usr/local/texlive/2017/texmf-dist/tex/latex/biblatex/biblatex.cfg
File: biblatex.cfg 
))
(/usr/local/texlive/2017/texmf-dist/tex/latex/graphics/graphicx.sty
Package: graphicx 2014/10/28 v1.0g Enhanced LaTeX Graphics (DPC,SPQR)

(/usr/local/texlive/2017/texmf-dist/tex/latex/graphics/graphics.sty
Package: graphics 2017/04/14 v1.1b Standard LaTeX Graphics (DPC,SPQR)

(/usr/local/texlive/2017/texmf-dist/tex/latex/graphics/trig.sty
Package: trig 2016/01/03 v1.10 sin cos tan (DPC)
)
(/usr/local/texlive/2017/texmf-dist/tex/latex/graphics-cfg/graphics.cfg
File: graphics.cfg 2016/06/04 v1.11 sample graphics configuration
)
Package graphics Info: Driver file: pdftex.def on input line 99.

(/usr/local/texlive/2017/texmf-dist/tex/latex/graphics-def/pdftex.def
File: pdftex.def 2017/01/12 v0.06k Graphics/color for pdfTeX
\Gread@gobject=\count273
))
\Gin@req@height=\dimen103
\Gin@req@width=\dimen104
)
(/usr/local/texlive/2017/texmf-dist/tex/latex/blindtext/blindtext.sty
Package: blindtext 2012/01/06 V2.0 blindtext-Package

(/usr/local/texlive/2017/texmf-dist/tex/latex/tools/xspace.sty
Package: xspace 2014/10/28 v1.13 Space after command names (DPC,MH)
)
\c@blindtext=\count274
\c@Blindtext=\count275
\c@blind@countparstart=\count276
\blind@countxx=\count277
\blindtext@numBlindtext=\count278
\blind@countyy=\count279
\c@blindlist=\count280
\c@blindlistlevel=\count281
\c@blindlist@level=\count282
\blind@listitem=\count283
\c@blind@listcount=\count284
\c@blind@levelcount=\count285
\blind@mathformula=\count286
\blind@Mathformula=\count287
\c@blind@randomcount=\count288
\c@blind@randommax=\count289
\c@blind@pangramcount=\count290
\c@blind@pangrammax=\count291
)
(/usr/local/texlive/2017/texmf-dist/tex/latex/wrapfig/wrapfig.sty
\wrapoverhang=\dimen105
\WF@size=\dimen106
\c@WF@wrappedlines=\count292
\WF@box=\box26
\WF@everypar=\toks15
Package: wrapfig 2003/01/31  v 3.6
)
Package biblatex Info: Trying to load language 'english'...
Package biblatex Info: ... file 'english.lbx' found.

(/usr/local/texlive/2017/texmf-dist/tex/latex/biblatex/lbx/english.lbx
File: english.lbx 2016/12/05 v3.7 biblatex localization (PK/JW/AB)
)
\@quotelevel=\count293
\@quotereset=\count294

(./latex.aux)
\openout1 = `latex.aux'.

LaTeX Font Info:    Checking defaults for OML/cmm/m/it on input line 12.
LaTeX Font Info:    ... okay on input line 12.
LaTeX Font Info:    Checking defaults for T1/cmr/m/n on input line 12.
LaTeX Font Info:    ... okay on input line 12.
LaTeX Font Info:    Checking defaults for OT1/cmr/m/n on input line 12.
LaTeX Font Info:    ... okay on input line 12.
LaTeX Font Info:    Checking defaults for OMS/cmsy/m/n on input line 12.
LaTeX Font Info:    ... okay on input line 12.
LaTeX Font Info:    Checking defaults for OMX/cmex/m/n on input line 12.
LaTeX Font Info:    ... okay on input line 12.
LaTeX Font Info:    Checking defaults for U/cmr/m/n on input line 12.
LaTeX Font Info:    ... okay on input line 12.
Package biblatex Info: No input encoding detected.
(biblatex)             Assuming 'ascii'.
Package biblatex Info: Automatic encoding selection.
(biblatex)             Assuming data encoding 'ascii'.
\openout4 = `latex.bcf'.

Package biblatex Info: Trying to load bibliographic data...
Package biblatex Info: ... file 'latex.bbl' found.
 (./latex.bbl)
Package biblatex Info: Reference section=0 on input line 12.
Package biblatex Info: Reference segment=0 on input line 12.

(/usr/local/texlive/2017/texmf-dist/tex/context/base/mkii/supp-pdf.mkii
[Loading MPS to PDF converter (version 2006.09.02).]
\scratchcounter=\count295
\scratchdimen=\dimen107
\scratchbox=\box27
\nofMPsegments=\count296
\nofMParguments=\count297
\everyMPshowfont=\toks16
\MPscratchCnt=\count298
\MPscratchDim=\dimen108
\MPnumerator=\count299
\makeMPintoPDFobject=\count300
\everyMPtoPDFconversion=\toks17
) (/usr/local/texlive/2017/texmf-dist/tex/latex/oberdiek/epstopdf-base.sty
Package: epstopdf-base 2016/05/15 v2.6 Base part for package epstopdf

(/usr/local/texlive/2017/texmf-dist/tex/latex/oberdiek/grfext.sty
Package: grfext 2016/05/16 v1.2 Manage graphics extensions (HO)

(/usr/local/texlive/2017/texmf-dist/tex/generic/oberdiek/kvdefinekeys.sty
Package: kvdefinekeys 2016/05/16 v1.4 Define keys (HO)
))
Package epstopdf-base Info: Redefining graphics rule for `.eps' on input line 4
38.
Package grfext Info: Graphics extension search list:
(grfext)             [.png,.pdf,.jpg,.mps,.jpeg,.jbig2,.jb2,.PNG,.PDF,.JPG,.JPE
G,.JBIG2,.JB2,.eps]
(grfext)             \AppendGraphicsExtensions on input line 456.

(/usr/local/texlive/2017/texmf-dist/tex/latex/latexconfig/epstopdf-sys.cfg
File: epstopdf-sys.cfg 2010/07/13 v1.3 Configuration of (r)epstopdf for TeX Liv
e
))
LaTeX Font Info:    External font `cmex10' loaded for size
(Font)              <17.28> on input line 14.
LaTeX Font Info:    External font `cmex10' loaded for size
(Font)              <12> on input line 14.
LaTeX Font Info:    External font `cmex10' loaded for size
(Font)              <8> on input line 14.
LaTeX Font Info:    External font `cmex10' loaded for size
(Font)              <6> on input line 14.
LaTeX Font Info:    External font `cmex10' loaded for size
(Font)              <7> on input line 18.
LaTeX Font Info:    External font `cmex10' loaded for size
(Font)              <5> on input line 18.
LaTeX Font Info:    Try loading font information for OMS+cmr on input line 34.

(/usr/local/texlive/2017/texmf-dist/tex/latex/base/omscmr.fd
File: omscmr.fd 2014/09/29 v2.5h Standard LaTeX font definitions
)
LaTeX Font Info:    Font shape `OMS/cmr/m/n' in size <10> not available
(Font)              Font shape `OMS/cmsy/m/n' tried instead on input line 34.
 [1

{/usr/local/texlive/2017/texmf-var/fonts/map/pdftex/updmap/pdftex.map}]
<demo.jpg, id=15, 1405.25pt x 2108.87875pt>
File: demo.jpg Graphic file (type jpg)
 <use demo.jpg>
Package pdftex.def Info: demo.jpg used on input line 54.
(pdftex.def)             Requested size: 241.49895pt x 362.39828pt.
 [2 <./demo.jpg>]
File: demo.jpg Graphic file (type jpg)

<use demo.jpg>
Package pdftex.def Info: demo.jpg used on input line 63.
(pdftex.def)             Requested size: 137.9979pt x 207.07094pt.
 [3]
File: demo.jpg Graphic file (type jpg)
 <use demo.jpg>
Package pdftex.def Info: demo.jpg used on input line 75.
(pdftex.def)             Requested size: 108.405pt x 162.66412pt.
 [4] [5] (./latex.aux)
Package logreq Info: Writing requests to 'latex.run.xml'.
\openout1 = `latex.run.xml'.

 ) 
Here is how much of TeX's memory you used:
 8183 strings out of 492995
 142996 string characters out of 6132704
 562219 words of memory out of 5000000
 11664 multiletter control sequences out of 15000+600000
 8898 words of font info for 31 fonts, out of 8000000 for 9000
 1141 hyphenation exceptions out of 8191
 40i,7n,45p,818b,1316s stack positions out of 5000i,500n,10000p,200000b,80000s
</usr/local/texlive/2017/texmf-dist/fonts/type1/public/amsfonts/cm/cmbx10.pfb
></usr/local/texlive/2017/texmf-dist/fonts/type1/public/amsfonts/cm/cmbx12.pfb>
</usr/local/texlive/2017/texmf-dist/fonts/type1/public/amsfonts/cm/cmr10.pfb></
usr/local/texlive/2017/texmf-dist/fonts/type1/public/amsfonts/cm/cmr12.pfb></us
r/local/texlive/2017/texmf-dist/fonts/type1/public/amsfonts/cm/cmr17.pfb></usr/
local/texlive/2017/texmf-dist/fonts/type1/public/amsfonts/cm/cmr7.pfb></usr/loc
al/texlive/2017/texmf-dist/fonts/type1/public/amsfonts/cm/cmsy10.pfb></usr/loca
l/texlive/2017/texmf-dist/fonts/type1/public/amsfonts/cm/cmti10.pfb></usr/local
/texlive/2017/texmf-dist/fonts/type1/public/amsfonts/cm/cmti7.pfb>
Output written on latex.pdf (5 pages, 915718 bytes).
PDF statistics:
 57 PDF objects out of 1000 (max. 8388607)
 39 compressed objects within 1 object stream
 0 named destinations out of 1000 (max. 500000)
 6 words of extra memory for PDF output out of 10000 (max. 10000000)

